# JRE version: Java(TM) SE Runtime Environment (8.0_251-b08) (build 1.8.0_251-b08)
# Java VM: Java HotSpot(TM) 64-Bit Server VM (25.251-b08 mixed mode windows-amd64 compressed oops)
Heap:
 PSYoungGen      total 141824K, used 79038K [0x000000076af00000, 0x0000000774400000, 0x00000007c0000000)
  eden space 131072K, 52% used [0x000000076af00000,0x000000076f1b38b8,0x0000000772f00000)
  from space 10752K, 99% used [0x0000000773980000,0x00000007743fc010,0x0000000774400000)
  to   space 10752K, 0% used [0x0000000772f00000,0x0000000772f00000,0x0000000773980000)
 ParOldGen       total 175104K, used 59424K [0x00000006c0c00000, 0x00000006cb700000, 0x000000076af00000)
  object space 175104K, 33% used [0x00000006c0c00000,0x00000006c46083a8,0x00000006cb700000)
 Metaspace       used 13872K, capacity 14083K, committed 14336K, reserved 1062912K
  class space    used 1148K, capacity 1260K, committed 1280K, reserved 1048576K
GC Heap History (4 events):
Event: 0.987 GC heap before
{Heap before GC invocations=1 (full 0):
 PSYoungGen      total 76288K, used 65536K [0x000000076af00000, 0x0000000770400000, 0x00000007c0000000)
  eden space 65536K, 100% used [0x000000076af00000,0x000000076ef00000,0x000000076ef00000)
  from space 10752K, 0% used [0x000000076f980000,0x000000076f980000,0x0000000770400000)
  to   space 10752K, 0% used [0x000000076ef00000,0x000000076ef00000,0x000000076f980000)
 ParOldGen       total 175104K, used 0K [0x00000006c0c00000, 0x00000006cb700000, 0x000000076af00000)
  object space 175104K, 0% used [0x00000006c0c00000,0x00000006c0c00000,0x00000006cb700000)
 Metaspace       used 12422K, capacity 12675K, committed 13056K, reserved 1060864K
  class space    used 1091K, capacity 1196K, committed 1280K, reserved 1048576K
Event: 0.999 GC heap after
Heap after GC invocations=1 (full 0):
 PSYoungGen      total 76288K, used 10725K [0x000000076af00000, 0x0000000774400000, 0x00000007c0000000)
  eden space 65536K, 0% used [0x000000076af00000,0x000000076af00000,0x000000076ef00000)
  from space 10752K, 99% used [0x000000076ef00000,0x000000076f979710,0x000000076f980000)
  to   space 10752K, 0% used [0x0000000773980000,0x0000000773980000,0x0000000774400000)
 ParOldGen       total 175104K, used 19194K [0x00000006c0c00000, 0x00000006cb700000, 0x000000076af00000)
  object space 175104K, 10% used [0x00000006c0c00000,0x00000006c1ebe9a0,0x00000006cb700000)
 Metaspace       used 12422K, capacity 12675K, committed 13056K, reserved 1060864K
  class space    used 1091K, capacity 1196K, committed 1280K, reserved 1048576K
}
Event: 1.257 GC heap before
{Heap before GC invocations=2 (full 0):
 PSYoungGen      total 76288K, used 76261K [0x000000076af00000, 0x0000000774400000, 0x00000007c0000000)
  eden space 65536K, 100% used [0x000000076af00000,0x000000076ef00000,0x000000076ef00000)
  from space 10752K, 99% used [0x000000076ef00000,0x000000076f979710,0x000000076f980000)
  to   space 10752K, 0% used [0x0000000773980000,0x0000000773980000,0x0000000774400000)
 ParOldGen       total 175104K, used 19194K [0x00000006c0c00000, 0x00000006cb700000, 0x000000076af00000)
  object space 175104K, 10% used [0x00000006c0c00000,0x00000006c1ebe9a0,0x00000006cb700000)
 Metaspace       used 12428K, capacity 12675K, committed 13056K, reserved 1060864K
  class space    used 1091K, capacity 1196K, committed 1280K, reserved 1048576K
Event: 1.275 GC heap after
Heap after GC invocations=2 (full 0):
 PSYoungGen      total 141824K, used 10736K [0x000000076af00000, 0x0000000774400000, 0x00000007c0000000)
  eden space 131072K, 0% used [0x000000076af00000,0x000000076af00000,0x0000000772f00000)
  from space 10752K, 99% used [0x0000000773980000,0x00000007743fc010,0x0000000774400000)
  to   space 10752K, 0% used [0x0000000772f00000,0x0000000772f00000,0x0000000773980000)
 ParOldGen       total 175104K, used 59424K [0x00000006c0c00000, 0x00000006cb700000, 0x000000076af00000)
  object space 175104K, 33% used [0x00000006c0c00000,0x00000006c46083a8,0x00000006cb700000)
 Metaspace       used 12428K, capacity 12675K, committed 13056K, reserved 1060864K
  class space    used 1091K, capacity 1196K, committed 1280K, reserved 1048576K
}

